  Steps.cpp
c:\users\giuliano\documents\uni\2 anno\2_semestre\elettronica\rubik\steps.cpp(16): warning C4800: 'int': forcing value to bool 'true' or 'false' (performance warning)
c:\users\giuliano\documents\uni\2 anno\2_semestre\elettronica\rubik\steps.cpp(24): warning C4800: 'int': forcing value to bool 'true' or 'false' (performance warning)
c:\users\giuliano\documents\uni\2 anno\2_semestre\elettronica\rubik\steps.cpp(31): warning C4800: 'int': forcing value to bool 'true' or 'false' (performance warning)
c:\users\giuliano\documents\uni\2 anno\2_semestre\elettronica\rubik\steps.cpp(38): warning C4800: 'int': forcing value to bool 'true' or 'false' (performance warning)
c:\users\giuliano\documents\uni\2 anno\2_semestre\elettronica\rubik\steps.cpp(45): warning C4800: 'int': forcing value to bool 'true' or 'false' (performance warning)
c:\users\giuliano\documents\uni\2 anno\2_semestre\elettronica\rubik\steps.cpp(52): warning C4800: 'int': forcing value to bool 'true' or 'false' (performance warning)
c:\users\giuliano\documents\uni\2 anno\2_semestre\elettronica\rubik\steps.cpp(59): warning C4800: 'int': forcing value to bool 'true' or 'false' (performance warning)
c:\users\giuliano\documents\uni\2 anno\2_semestre\elettronica\rubik\steps.cpp(60): warning C4800: 'int': forcing value to bool 'true' or 'false' (performance warning)
c:\users\giuliano\documents\uni\2 anno\2_semestre\elettronica\rubik\steps.cpp(68): warning C4800: 'int': forcing value to bool 'true' or 'false' (performance warning)
c:\users\giuliano\documents\uni\2 anno\2_semestre\elettronica\rubik\steps.cpp(69): warning C4800: 'int': forcing value to bool 'true' or 'false' (performance warning)
c:\users\giuliano\documents\uni\2 anno\2_semestre\elettronica\rubik\steps.cpp(76): warning C4800: 'int': forcing value to bool 'true' or 'false' (performance warning)
c:\users\giuliano\documents\uni\2 anno\2_semestre\elettronica\rubik\steps.cpp(77): warning C4800: 'int': forcing value to bool 'true' or 'false' (performance warning)
c:\users\giuliano\documents\uni\2 anno\2_semestre\elettronica\rubik\steps.cpp(84): warning C4800: 'int': forcing value to bool 'true' or 'false' (performance warning)
c:\users\giuliano\documents\uni\2 anno\2_semestre\elettronica\rubik\steps.cpp(85): warning C4800: 'int': forcing value to bool 'true' or 'false' (performance warning)
c:\users\giuliano\documents\uni\2 anno\2_semestre\elettronica\rubik\steps.cpp(92): warning C4800: 'int': forcing value to bool 'true' or 'false' (performance warning)
c:\users\giuliano\documents\uni\2 anno\2_semestre\elettronica\rubik\steps.cpp(93): warning C4800: 'int': forcing value to bool 'true' or 'false' (performance warning)
c:\users\giuliano\documents\uni\2 anno\2_semestre\elettronica\rubik\steps.cpp(100): warning C4800: 'int': forcing value to bool 'true' or 'false' (performance warning)
c:\users\giuliano\documents\uni\2 anno\2_semestre\elettronica\rubik\steps.cpp(101): warning C4800: 'int': forcing value to bool 'true' or 'false' (performance warning)
  Generating Code...
  Compiling...
  main.cpp
  Generating Code...
  Rubik.vcxproj -> C:\Users\Giuliano\Documents\UNI\2 ANNO\2_Semestre\ELETTRONICA\Rubik\Debug\Rubik.exe
  Rubik.vcxproj -> C:\Users\Giuliano\Documents\UNI\2 ANNO\2_Semestre\ELETTRONICA\Rubik\Debug\Rubik.pdb (Partial PDB)
