  Steps.cpp
c:\users\giuliano\documents\uni\2 anno\2_semestre\elettronica\rubik\steps.cpp(13): warning C4800: 'int': forcing value to bool 'true' or 'false' (performance warning)
c:\users\giuliano\documents\uni\2 anno\2_semestre\elettronica\rubik\steps.cpp(21): warning C4800: 'int': forcing value to bool 'true' or 'false' (performance warning)
c:\users\giuliano\documents\uni\2 anno\2_semestre\elettronica\rubik\steps.cpp(28): warning C4800: 'int': forcing value to bool 'true' or 'false' (performance warning)
c:\users\giuliano\documents\uni\2 anno\2_semestre\elettronica\rubik\steps.cpp(35): warning C4800: 'int': forcing value to bool 'true' or 'false' (performance warning)
c:\users\giuliano\documents\uni\2 anno\2_semestre\elettronica\rubik\steps.cpp(42): warning C4800: 'int': forcing value to bool 'true' or 'false' (performance warning)
c:\users\giuliano\documents\uni\2 anno\2_semestre\elettronica\rubik\steps.cpp(49): warning C4800: 'int': forcing value to bool 'true' or 'false' (performance warning)
c:\users\giuliano\documents\uni\2 anno\2_semestre\elettronica\rubik\steps.cpp(56): warning C4800: 'int': forcing value to bool 'true' or 'false' (performance warning)
c:\users\giuliano\documents\uni\2 anno\2_semestre\elettronica\rubik\steps.cpp(57): warning C4800: 'int': forcing value to bool 'true' or 'false' (performance warning)
c:\users\giuliano\documents\uni\2 anno\2_semestre\elettronica\rubik\steps.cpp(65): warning C4800: 'int': forcing value to bool 'true' or 'false' (performance warning)
c:\users\giuliano\documents\uni\2 anno\2_semestre\elettronica\rubik\steps.cpp(66): warning C4800: 'int': forcing value to bool 'true' or 'false' (performance warning)
c:\users\giuliano\documents\uni\2 anno\2_semestre\elettronica\rubik\steps.cpp(73): warning C4800: 'int': forcing value to bool 'true' or 'false' (performance warning)
c:\users\giuliano\documents\uni\2 anno\2_semestre\elettronica\rubik\steps.cpp(74): warning C4800: 'int': forcing value to bool 'true' or 'false' (performance warning)
c:\users\giuliano\documents\uni\2 anno\2_semestre\elettronica\rubik\steps.cpp(81): warning C4800: 'int': forcing value to bool 'true' or 'false' (performance warning)
c:\users\giuliano\documents\uni\2 anno\2_semestre\elettronica\rubik\steps.cpp(82): warning C4800: 'int': forcing value to bool 'true' or 'false' (performance warning)
c:\users\giuliano\documents\uni\2 anno\2_semestre\elettronica\rubik\steps.cpp(89): warning C4800: 'int': forcing value to bool 'true' or 'false' (performance warning)
c:\users\giuliano\documents\uni\2 anno\2_semestre\elettronica\rubik\steps.cpp(90): warning C4800: 'int': forcing value to bool 'true' or 'false' (performance warning)
c:\users\giuliano\documents\uni\2 anno\2_semestre\elettronica\rubik\steps.cpp(97): warning C4800: 'int': forcing value to bool 'true' or 'false' (performance warning)
c:\users\giuliano\documents\uni\2 anno\2_semestre\elettronica\rubik\steps.cpp(98): warning C4800: 'int': forcing value to bool 'true' or 'false' (performance warning)
  main.cpp
  Cube.cpp
c:\users\giuliano\documents\uni\2 anno\2_semestre\elettronica\rubik\cube.cpp(360): warning C4244: 'argument': conversion from 'time_t' to 'unsigned int', possible loss of data
  Generating Code...
c:\users\giuliano\documents\uni\2 anno\2_semestre\elettronica\rubik\cube.cpp(946): warning C4715: 'Cube::getFace': not all control paths return a value
  LINK : C:\Users\Giuliano\Documents\UNI\2 ANNO\2_Semestre\ELETTRONICA\Rubik\x64\Debug\Rubik.exe not found or not built by the last incremental link; performing full link
  Rubik.vcxproj -> C:\Users\Giuliano\Documents\UNI\2 ANNO\2_Semestre\ELETTRONICA\Rubik\x64\Debug\Rubik.exe
  Rubik.vcxproj -> C:\Users\Giuliano\Documents\UNI\2 ANNO\2_Semestre\ELETTRONICA\Rubik\x64\Debug\Rubik.pdb (Partial PDB)
